2022-11-15T03:46:59+00:00 DEBUG Tt4b_Pixel_Class::inject_view_content_event: hit injectViewContentEvent
2022-11-15T03:46:59+00:00 DEBUG Tt4b_Pixel_Class::inject_view_content_event: Missing option "access_token"
2022-11-15T07:10:31+00:00 DEBUG POST: https://business-api.tiktok.com/open_api/v1.2/tbp/business_profile/disconnect/

{"external_business_id":"tt4b_woocommerce_636e0344854fd","business_platform":"WOO_COMMERCE","is_setup_page":0,"app_id":"7164667653968101377"}

2022-11-15T07:10:32+00:00 DEBUG Tt4b_Mapi_Class::mapi_post: Response: 

HTTP/1.1 200 OK
Server: nginx
Content-Type: application/json; charset=utf-8
Content-Length: 103
X-Api-Deprecation-Info: API for Business Version 1.3 is now live. To avoid disruption to your business, we recommend you migrate all calls to v1.3 as soon as possible. Please visit our migration guide for more details: https://ads.tiktok.com/marketing_api/docs?id=1740029169927169
X-Domain-Change-Info: We have moved to the new domain business-api.tiktok.com for API services after the Platform Upgrade on 09/30/2021. Please update all of your requests with the new domain if you haven't done so already. For more information, please visit https://ads.tiktok.com/marketing_api/docs?rid=esb88xalm6m&id=1709207085043713
X-Tt-Logid: 20221115071032010245027066044785A1
Server-Timing: inner; dur=5
x-tt-trace-host: 018afede84e37244da276754d974a39281856f62dea0773d0e6e27ed15fa72d0769079d83cb844ade0887e0f166edd42a2702037b540dc35fb1b74bf4f83dbc5b6127f5196d6450823f5506875533d4dfb
Expires: Tue, 15 Nov 2022 07:10:32 GMT
Cache-Control: max-age=0, no-cache, no-store
Pragma: no-cache
Date: Tue, 15 Nov 2022 07:10:32 GMT
X-Cache: TCP_MISS from a23-220-203-45.deploy.akamaitechnologies.com (AkamaiGHost/10.10.2-45048955) (-)
Connection: close
x-tt-trace-tag: id=16;cdn-cache=miss;type=dyn
Server-Timing: cdn-cache; desc=MISS, edge; dur=2, origin; dur=199
X-Origin-Response-Time: 200,23.220.203.45
X-Akamai-Request-ID: 17aa245f

{"code":40104,"message":"The access_token is empty.","request_id":"20221115071032010245027066044785A1"}

2022-11-15T07:10:32+00:00 DEBUG POST: https://business-api.tiktok.com/tbp/v2.0/shop/connection/disconnect?external_data=

--- EMPTY STRING ---

2022-11-15T07:10:33+00:00 DEBUG Tt4b_Mapi_Class::tts_shop_disconnect: Response: 

HTTP/1.1 200 OK
Server: nginx
Content-Type: application/json; charset=utf-8
Content-Length: 95
X-Api-Deprecation-Info: API for Business Version 1.3 is now live. To avoid disruption to your business, we recommend you migrate all calls to v1.3 as soon as possible. Please visit our migration guide for more details: https://ads.tiktok.com/marketing_api/docs?id=1740029169927169
X-Domain-Change-Info: We have moved to the new domain business-api.tiktok.com for API services after the Platform Upgrade on 09/30/2021. Please update all of your requests with the new domain if you haven't done so already. For more information, please visit https://ads.tiktok.com/marketing_api/docs?rid=esb88xalm6m&id=1709207085043713
X-Tt-Logid: 202211150710330102510741440B1F59E5
x-tt-trace-host: 018afede84e37244da276754d974a392816d09f055463f413d392a0358c4259ad059f3bf5b03f8332489bf7d03639a02a77d540b76f594f437930d1cbfee7a4e577f466bca7b8d5a497355dc67926924224a7c04d33ab6805807091863fa994713
X-Origin-Response-Time: 13,23.40.40.165
X-Akamai-Request-ID: ac89e67f.a4d78966
Expires: Tue, 15 Nov 2022 07:10:33 GMT
Cache-Control: max-age=0, no-cache, no-store
Pragma: no-cache
Date: Tue, 15 Nov 2022 07:10:33 GMT
X-Cache: TCP_MISS from a23-220-203-47.deploy.akamaitechnologies.com (AkamaiGHost/10.10.1-44825277) (-)
Connection: close
X-Cache-Remote: TCP_MISS from a23-40-40-165.deploy.akamaitechnologies.com (AkamaiGHost/10.10.1-44825277) (-)
x-tt-trace-tag: id=16;cdn-cache=miss;type=dyn
Server-Timing: cdn-cache; desc=MISS, edge; dur=16, origin; dur=13
Server-Timing: inner; dur=11
X-Parent-Response-Time: 26,23.220.203.47

{"code":40001,"message":"Permission denied.","request_id":"202211150710330102510741440B1F59E5"}

